index: 1193
actual class:23
predicted:71
predictions:
[[-10.109793    -2.4544494  -11.411172    -6.9358773   -7.4489503
   -2.8588789  -11.493905    -7.789929    -7.1070623   -5.773821
   -6.4575143  -10.4883995    1.429265    -1.786159    -8.672659
   -6.918803    -8.434793    -2.991368    -1.5293345   -5.502994
   -6.9670315  -11.200167    -9.983793     4.20653    -10.694231
   -0.65149397  -7.049755    -2.6091065   -8.866455    -5.114213
   -4.2521205   -7.5549536   -3.649308     0.9582265   -9.457552
  -12.685496   -12.839513    -3.5908484   -7.082568     0.01875054
   -4.165156    -5.0225906  -11.838536   -17.315084    -2.8917522
   -5.082971   -12.614048    -6.292038   -10.374942     3.0595858
   -7.9230194   -4.7555985   -7.485589   -13.963235    -9.498011
   -4.5668025   -5.522301    -5.689381    -2.0935333   -4.1921144
    4.4892397  -11.264705   -10.211605    -9.71835     -8.41173
   -5.2053638  -12.797935    -2.561677     2.2847202   -1.3276207
  -11.355246     6.9314055   -4.0397315   -0.7303859   -4.9996367
   -6.7795105   -3.0143385   -5.84206     -6.9472733   -4.6907077
   -7.4095106   -2.6312487   -5.3161054   -6.9768615   -4.2515273
   -2.9129725  -10.132142    -5.6871724  -17.34042     -6.707708
    0.24646442  -1.0669438  -11.138127    -4.311026   -10.634795
   -4.1346884   -1.9314545  -12.739125   -13.850648    -2.5238373 ]]
